<?xml version="1.0" encoding="UTF-8"?>
<!-- Generated by org.testng.reporters.JUnitReportReporter -->
<testsuite skipped="0" hostname="Manjunaths-MacBook-Air.local" name="com.ude.portalen.testcases.TC_UDEMA_1989_TC001" tests="1" failures="0" timestamp="2020-06-17T16:04:10 IST" time="96.949" errors="0">
  <testcase name="login_As_Student" time="96.949" classname="com.ude.portalen.testcases.TC_UDEMA_1989_TC001"/>
</testsuite> <!-- com.ude.portalen.testcases.TC_UDEMA_1989_TC001 -->
