<?xml version="1.0" encoding="UTF-8"?>
<!-- Generated by org.testng.reporters.JUnitReportReporter -->
<testsuite skipped="0" hostname="Manjunaths-MacBook-Air.local" name="com.ude.portalen.testcases.TC_UDEMA_1984_TC004" tests="1" failures="0" timestamp="2020-06-15T16:00:48 IST" time="400.728" errors="0">
  <testcase name="send_Receive_New_SMS_melding" time="400.728" classname="com.ude.portalen.testcases.TC_UDEMA_1984_TC004"/>
</testsuite> <!-- com.ude.portalen.testcases.TC_UDEMA_1984_TC004 -->
