<?xml version="1.0" encoding="UTF-8"?>
<!-- Generated by org.testng.reporters.JUnitReportReporter -->
<testsuite skipped="0" hostname="UDE-CGIs-MacBook-Air.local" name="com.ude.portalen.testcases.UDEMA_1984_SendReceive_New_Message" tests="1" failures="0" timestamp="2020-01-21T11:56:20 IST" time="54.236" errors="0">
  <testcase name="photosAppViewSetup" time="54.236" classname="com.ude.portalen.testcases.UDEMA_1984_SendReceive_New_Message"/>
</testsuite> <!-- com.ude.portalen.testcases.UDEMA_1984_SendReceive_New_Message -->
