<?xml version="1.0" encoding="UTF-8"?>
<!-- Generated by org.testng.reporters.JUnitReportReporter -->
<testsuite skipped="0" hostname="Manjunaths-MacBook-Air.local" name="com.ude.portalen.testcases.TC_UDEMA_1984_TC002" tests="1" failures="0" timestamp="2020-06-11T17:11:37 IST" time="314.788" errors="0">
  <testcase name="send_Receive_New_Message_with_Lesebekreftelse" time="314.788" classname="com.ude.portalen.testcases.TC_UDEMA_1984_TC002"/>
</testsuite> <!-- com.ude.portalen.testcases.TC_UDEMA_1984_TC002 -->
