<?xml version="1.0" encoding="UTF-8"?>
<!-- Generated by org.testng.reporters.JUnitReportReporter -->
<testsuite skipped="0" hostname="Manjunaths-MacBook-Air.local" name="com.ude.portalen.testcases.TC_UDEMA_1986_TC002" tests="1" failures="0" timestamp="2020-06-15T16:00:48 IST" time="196.730" errors="0">
  <testcase name="send_Receive_New_Message_to_Teacher" time="196.730" classname="com.ude.portalen.testcases.TC_UDEMA_1986_TC002"/>
</testsuite> <!-- com.ude.portalen.testcases.TC_UDEMA_1986_TC002 -->
