<?xml version="1.0" encoding="UTF-8"?>
<!-- Generated by org.testng.reporters.JUnitReportReporter -->
<testsuite skipped="0" hostname="UDE-CGIs-MacBook-Air.local" name="com.ude.portalen.testcases.ElevLoginTest" tests="1" failures="0" timestamp="2020-01-30T12:53:29 IST" time="97.187" errors="0">
  <testcase name="_login" time="97.187" classname="com.ude.portalen.testcases.ElevLoginTest"/>
</testsuite> <!-- com.ude.portalen.testcases.ElevLoginTest -->
