<?xml version="1.0" encoding="UTF-8"?>
<!-- Generated by org.testng.reporters.JUnitReportReporter -->
<testsuite skipped="0" hostname="UDE-CGIs-MacBook-Air.local" name="com.ude.portalen.testcases.TC_UDEMA_1986" tests="1" failures="0" timestamp="2020-06-03T13:42:18 IST" time="144.081" errors="0">
  <testcase name="send_Receive_New_Message_to_Teacher" time="144.081" classname="com.ude.portalen.testcases.TC_UDEMA_1986"/>
</testsuite> <!-- com.ude.portalen.testcases.TC_UDEMA_1986 -->
