<?xml version="1.0" encoding="UTF-8"?>
<!-- Generated by org.testng.reporters.JUnitReportReporter -->
<testsuite skipped="0" hostname="Manjunaths-MacBook-Air.local" name="com.ude.portalen.testcases.TC_UDEMA_1990_TC002" tests="1" failures="0" timestamp="2020-06-15T16:00:48 IST" time="668.095" errors="0">
  <testcase name="send_reply_from_student_to_teacher" time="668.095" classname="com.ude.portalen.testcases.TC_UDEMA_1990_TC002"/>
</testsuite> <!-- com.ude.portalen.testcases.TC_UDEMA_1990_TC002 -->
