<?xml version="1.0" encoding="UTF-8"?>
<!-- Generated by org.testng.reporters.JUnitReportReporter -->
<testsuite skipped="0" hostname="Manjunaths-MacBook-Air.local" name="com.ude.portalen.testcases.TC_UDEMA_1990_TC003" tests="1" failures="0" timestamp="2020-06-15T16:35:07 IST" time="78.538" errors="0">
  <testcase name="send_reply_from_teacher_to_parent" time="78.538" classname="com.ude.portalen.testcases.TC_UDEMA_1990_TC003"/>
</testsuite> <!-- com.ude.portalen.testcases.TC_UDEMA_1990_TC003 -->
