<?xml version="1.0" encoding="UTF-8"?>
<!-- Generated by org.testng.reporters.JUnitReportReporter -->
<testsuite skipped="0" hostname="Manjunaths-MacBook-Air.local" name="com.ude.portalen.testcases.TC_UDEMA_1989_TC003" tests="1" failures="0" timestamp="2020-06-15T16:00:48 IST" time="102.139" errors="0">
  <testcase name="login_As_Parent" time="102.139" classname="com.ude.portalen.testcases.TC_UDEMA_1989_TC003"/>
</testsuite> <!-- com.ude.portalen.testcases.TC_UDEMA_1989_TC003 -->
