<?xml version="1.0" encoding="UTF-8"?>
<!-- Generated by org.testng.reporters.JUnitReportReporter -->
<testsuite skipped="0" hostname="Manjunaths-MacBook-Air.local" name="com.ude.portalen.testcases.TC_UDEMA_1989_TC002" tests="1" failures="0" timestamp="2020-06-15T16:00:48 IST" time="127.405" errors="0">
  <testcase name="login_As_Teacher" time="127.405" classname="com.ude.portalen.testcases.TC_UDEMA_1989_TC002"/>
</testsuite> <!-- com.ude.portalen.testcases.TC_UDEMA_1989_TC002 -->
