<?xml version="1.0" encoding="UTF-8"?>
<!-- Generated by org.testng.reporters.JUnitReportReporter -->
<testsuite skipped="0" hostname="Manjunaths-MacBook-Air.local" name="com.ude.portalen.testcases.TC_UDEMA_1984_TC005" tests="1" failures="0" timestamp="2020-06-15T10:33:24 IST" time="231.389" errors="0">
  <testcase name="send_Receive_New_SMS_versal" time="231.389" classname="com.ude.portalen.testcases.TC_UDEMA_1984_TC005"/>
</testsuite> <!-- com.ude.portalen.testcases.TC_UDEMA_1984_TC005 -->
