<?xml version="1.0" encoding="UTF-8"?>
<!-- Generated by org.testng.reporters.JUnitReportReporter -->
<testsuite skipped="0" hostname="Manjunaths-MacBook-Air.local" name="com.ude.portalen.testcases.TC_UDEMA_1987" tests="1" failures="0" timestamp="2020-06-15T16:00:48 IST" time="347.645" errors="0">
  <testcase name="send_Absence_Msg_To_Teacher" time="347.645" classname="com.ude.portalen.testcases.TC_UDEMA_1987"/>
</testsuite> <!-- com.ude.portalen.testcases.TC_UDEMA_1987 -->
