<?xml version="1.0" encoding="UTF-8"?>
<!-- Generated by org.testng.reporters.JUnitReportReporter -->
<testsuite skipped="1" hostname="UDE-CGIs-MacBook-Air.local" name="com.ude.portalen.testcases.TC_UDEMA_1990" tests="2" failures="0" timestamp="2020-05-08T12:52:27 IST" time="462.272" errors="0">
  <testcase name="send_reply_Msg_to_Teacher_new" time="462.272" classname="com.ude.portalen.testcases.TC_UDEMA_1990"/>
  <testcase name="send_reply_Msg_to_Teacher" classname="com.ude.portalen.testcases.TC_UDEMA_1990">
    <skipped/>
  </testcase> <!-- send_reply_Msg_to_Teacher -->
</testsuite> <!-- com.ude.portalen.testcases.TC_UDEMA_1990 -->
