<?xml version="1.0" encoding="UTF-8"?>
<!-- Generated by org.testng.reporters.JUnitReportReporter -->
<testsuite skipped="0" hostname="UDE-CGIs-MacBook-Air.local" name="com.ude.portalen.testcases.TC_UDEMA_1989" tests="3" failures="0" timestamp="2020-05-26T16:43:19 IST" time="271.071" errors="0">
  <testcase name="login_As_Student" time="88.096" classname="com.ude.portalen.testcases.TC_UDEMA_1989"/>
  <testcase name="login_As_Parent" time="96.135" classname="com.ude.portalen.testcases.TC_UDEMA_1989"/>
  <testcase name="login_As_Teacher" time="86.840" classname="com.ude.portalen.testcases.TC_UDEMA_1989"/>
</testsuite> <!-- com.ude.portalen.testcases.TC_UDEMA_1989 -->
