<?xml version="1.0" encoding="UTF-8"?>
<!-- Generated by org.testng.reporters.JUnitReportReporter -->
<testsuite skipped="10" hostname="UDE-CGIs-MacBook-Air.local" name="com.ude.portalen.testcases.TC_UDEMA_Filter" tests="18" failures="0" timestamp="2020-09-04T17:39:59 IST" time="1222.233" errors="0">
  <testcase name="select_avsender_multiple_contact_home" time="113.172" classname="com.ude.portalen.testcases.TC_UDEMA_Filter"/>
  <testcase name="select_foresatte_icon_contact_home" time="150.844" classname="com.ude.portalen.testcases.TC_UDEMA_Filter"/>
  <testcase name="select_student_icon_contact_home" time="147.309" classname="com.ude.portalen.testcases.TC_UDEMA_Filter"/>
  <testcase name="select_uleste_meldinger_avsender_multiple_contact_arkiv_mottatt" time="127.733" classname="com.ude.portalen.testcases.TC_UDEMA_Filter"/>
  <testcase name="select_avsender_single_contact_arkiv_mottatt" time="119.568" classname="com.ude.portalen.testcases.TC_UDEMA_Filter"/>
  <testcase name="select_avsender_single_contact_home" time="111.491" classname="com.ude.portalen.testcases.TC_UDEMA_Filter"/>
  <testcase name="select_sporsmal_avsender_multiple_contact_arkiv_mottatt" time="328.854" classname="com.ude.portalen.testcases.TC_UDEMA_Filter"/>
  <testcase name="select_uleste_meldinger_avsender_single_contact_arkiv_mottatt" time="123.262" classname="com.ude.portalen.testcases.TC_UDEMA_Filter"/>
  <testcase name="select_Uleste_meldinger_sporsmal_home" classname="com.ude.portalen.testcases.TC_UDEMA_Filter">
    <skipped/>
  </testcase> <!-- select_Uleste_meldinger_sporsmal_home -->
  <testcase name="select_sporsmal_arkiv_mottatt" classname="com.ude.portalen.testcases.TC_UDEMA_Filter">
    <skipped/>
  </testcase> <!-- select_sporsmal_arkiv_mottatt -->
  <testcase name="select_single_contact_arkiv_sendt" classname="com.ude.portalen.testcases.TC_UDEMA_Filter">
    <skipped/>
  </testcase> <!-- select_single_contact_arkiv_sendt -->
  <testcase name="select_single_contact_arkiv_mottatt" classname="com.ude.portalen.testcases.TC_UDEMA_Filter">
    <skipped/>
  </testcase> <!-- select_single_contact_arkiv_mottatt -->
  <testcase name="select_Uleste_meldinger_arkiv_mottatt" classname="com.ude.portalen.testcases.TC_UDEMA_Filter">
    <skipped/>
  </testcase> <!-- select_Uleste_meldinger_arkiv_mottatt -->
  <testcase name="select_Uleste_meldinger_sporsmal_arkiv_mottatt" classname="com.ude.portalen.testcases.TC_UDEMA_Filter">
    <skipped/>
  </testcase> <!-- select_Uleste_meldinger_sporsmal_arkiv_mottatt -->
  <testcase name="select_sporsmal_avsender_single_contact_arkiv_mottatt" classname="com.ude.portalen.testcases.TC_UDEMA_Filter">
    <skipped/>
  </testcase> <!-- select_sporsmal_avsender_single_contact_arkiv_mottatt -->
  <testcase name="select_sporsmal_arkiv" classname="com.ude.portalen.testcases.TC_UDEMA_Filter">
    <skipped/>
  </testcase> <!-- select_sporsmal_arkiv -->
  <testcase name="select_sporsmal_home" classname="com.ude.portalen.testcases.TC_UDEMA_Filter">
    <skipped/>
  </testcase> <!-- select_sporsmal_home -->
  <testcase name="select_Uleste_meldinger_home" classname="com.ude.portalen.testcases.TC_UDEMA_Filter">
    <skipped/>
  </testcase> <!-- select_Uleste_meldinger_home -->
</testsuite> <!-- com.ude.portalen.testcases.TC_UDEMA_Filter -->
