<?xml version="1.0" encoding="UTF-8"?>
<!-- Generated by org.testng.reporters.JUnitReportReporter -->
<testsuite skipped="0" hostname="UDE-CGIs-MacBook-Air.local" name="com.ude.portalen.testcases.TC_SendReceive_Attachment_TC003" tests="1" failures="0" timestamp="2020-08-28T12:13:06 IST" time="367.558" errors="0">
  <testcase name="sendMultipleAttachmentsWithMsg" time="367.558" classname="com.ude.portalen.testcases.TC_SendReceive_Attachment_TC003"/>
</testsuite> <!-- com.ude.portalen.testcases.TC_SendReceive_Attachment_TC003 -->
