<?xml version="1.0" encoding="UTF-8"?>
<!-- Generated by org.testng.reporters.JUnitReportReporter -->
<testsuite skipped="0" hostname="UDE-CGIs-MacBook-Air.local" name="com.ude.portalen.testcases.TC_UDEMA_1984_TC006" tests="1" failures="0" timestamp="2020-09-04T17:39:59 IST" time="113.183" errors="0">
  <testcase name="send_Receive_New_Message_to_Teacher" time="113.183" classname="com.ude.portalen.testcases.TC_UDEMA_1984_TC006"/>
</testsuite> <!-- com.ude.portalen.testcases.TC_UDEMA_1984_TC006 -->
