<?xml version="1.0" encoding="UTF-8"?>
<!-- Generated by org.testng.reporters.JUnitReportReporter -->
<testsuite skipped="0" hostname="Manjunaths-MacBook-Air.local" name="com.ude.portalen.testcases.TC_UDEMA_1990_TC002_FAT" tests="1" failures="0" timestamp="2020-06-24T16:41:19 IST" time="183.660" errors="0">
  <testcase name="send_reply_from_student_to_teacher" time="183.660" classname="com.ude.portalen.testcases.TC_UDEMA_1990_TC002_FAT"/>
</testsuite> <!-- com.ude.portalen.testcases.TC_UDEMA_1990_TC002_FAT -->
