<?xml version="1.0" encoding="UTF-8"?>
<!-- Generated by org.testng.reporters.JUnitReportReporter -->
<testsuite skipped="0" hostname="Manjunaths-MacBook-Air.local" name="com.ude.portalen.testcases.TC_UDEMA_1989_TC001_FAT" tests="1" failures="0" timestamp="2020-06-23T13:33:04 IST" time="167.270" errors="0">
  <testcase name="login_As_Student" time="167.270" classname="com.ude.portalen.testcases.TC_UDEMA_1989_TC001_FAT"/>
</testsuite> <!-- com.ude.portalen.testcases.TC_UDEMA_1989_TC001_FAT -->
