<?xml version="1.0" encoding="UTF-8"?>
<!-- Generated by org.testng.reporters.JUnitReportReporter -->
<testsuite skipped="0" hostname="UDE-CGIs-MacBook-Air.local" name="com.ude.portalen.testcases.TC_Settings_Enable_MsgByEmail_TC003" tests="1" failures="0" timestamp="2020-09-04T17:39:59 IST" time="430.404" errors="0">
  <testcase name="disableMessageByEmail" time="430.404" classname="com.ude.portalen.testcases.TC_Settings_Enable_MsgByEmail_TC003"/>
</testsuite> <!-- com.ude.portalen.testcases.TC_Settings_Enable_MsgByEmail_TC003 -->
