<?xml version="1.0" encoding="UTF-8"?>
<!-- Generated by org.testng.reporters.JUnitReportReporter -->
<testsuite skipped="0" hostname="UDE-CGIs-MacBook-Air.local" name="com.ude.portalen.testcases.TC_Settings_ResetPIN_TC001" tests="1" failures="0" timestamp="2020-08-28T12:13:06 IST" time="315.659" errors="0">
  <testcase name="resetPinCode" time="315.659" classname="com.ude.portalen.testcases.TC_Settings_ResetPIN_TC001"/>
</testsuite> <!-- com.ude.portalen.testcases.TC_Settings_ResetPIN_TC001 -->
