<?xml version="1.0" encoding="UTF-8"?>
<!-- Generated by org.testng.reporters.JUnitReportReporter -->
<testsuite skipped="2" hostname="UDE-CGIs-MacBook-Air.local" name="com.ude.portalen.testcases.TC_UDEMA_1988_FAT" tests="3" failures="0" timestamp="2020-09-03T18:08:13 IST" time="50.791" errors="0">
  <testcase name="teacher_Receive_Push_Notification" time="50.791" classname="com.ude.portalen.testcases.TC_UDEMA_1988_FAT"/>
  <testcase name="Student_Receive_Push_Notification" classname="com.ude.portalen.testcases.TC_UDEMA_1988_FAT">
    <skipped/>
  </testcase> <!-- Student_Receive_Push_Notification -->
  <testcase name="Parent_Receive_Push_Notification" classname="com.ude.portalen.testcases.TC_UDEMA_1988_FAT">
    <skipped/>
  </testcase> <!-- Parent_Receive_Push_Notification -->
</testsuite> <!-- com.ude.portalen.testcases.TC_UDEMA_1988_FAT -->
