<?xml version="1.0" encoding="UTF-8"?>
<!-- Generated by org.testng.reporters.JUnitReportReporter -->
<testsuite skipped="0" hostname="UDE-CGIs-MacBook-Air.local" name="com.ude.portalen.testcases.TC_UDEMA_Profiles_TC002" tests="1" failures="0" timestamp="2020-08-28T12:13:06 IST" time="111.974" errors="0">
  <testcase name="verifyStudentProfile" time="111.974" classname="com.ude.portalen.testcases.TC_UDEMA_Profiles_TC002"/>
</testsuite> <!-- com.ude.portalen.testcases.TC_UDEMA_Profiles_TC002 -->
