<?xml version="1.0" encoding="UTF-8"?>
<!-- Generated by org.testng.reporters.JUnitReportReporter -->
<testsuite skipped="0" hostname="UDE-CGIs-MacBook-Air.local" name="com.ude.portalen.testcases.TC_UDEMA_1984_TC001_FAT" tests="1" failures="0" timestamp="2020-09-04T15:30:12 IST" time="353.807" errors="0">
  <testcase name="send_Receive_New_Message_with_Svar_Av" time="353.807" classname="com.ude.portalen.testcases.TC_UDEMA_1984_TC001_FAT"/>
</testsuite> <!-- com.ude.portalen.testcases.TC_UDEMA_1984_TC001_FAT -->
