<?xml version="1.0" encoding="UTF-8"?>
<!-- Generated by org.testng.reporters.JUnitReportReporter -->
<testsuite skipped="0" hostname="UDE-CGIs-MacBook-Air.local" name="com.ude.portalen.testcases.TC_SendMsg_TwoStudents_TC009" tests="1" failures="0" timestamp="2020-09-04T17:39:59 IST" time="157.511" errors="0">
  <testcase name="sendAMessageToMultipleStudents" time="157.511" classname="com.ude.portalen.testcases.TC_SendMsg_TwoStudents_TC009"/>
</testsuite> <!-- com.ude.portalen.testcases.TC_SendMsg_TwoStudents_TC009 -->
