<?xml version="1.0" encoding="UTF-8"?>
<!-- Generated by org.testng.reporters.JUnitReportReporter -->
<testsuite skipped="3" hostname="UDE-CGIs-MacBook-Air.local" name="com.ude.portalen.testcases.TC_UDEMA_Login" tests="10" failures="0" timestamp="2020-08-28T12:13:06 IST" time="615.249" errors="0">
  <testcase name="login_no_network_error" time="95.590" classname="com.ude.portalen.testcases.TC_UDEMA_Login"/>
  <testcase name="login_disable_bruk_biometric_elev" time="133.141" classname="com.ude.portalen.testcases.TC_UDEMA_Login"/>
  <testcase name="login_check_support_page" time="71.606" classname="com.ude.portalen.testcases.TC_UDEMA_Login"/>
  <testcase name="login_glemt_pin_code" time="134.893" classname="com.ude.portalen.testcases.TC_UDEMA_Login"/>
  <testcase name="login_check_lost_account_page" time="74.787" classname="com.ude.portalen.testcases.TC_UDEMA_Login"/>
  <testcase name="login_check_help_page" time="41.701" classname="com.ude.portalen.testcases.TC_UDEMA_Login"/>
  <testcase name="login_check_privacy_cookie_page" time="63.531" classname="com.ude.portalen.testcases.TC_UDEMA_Login"/>
  <testcase name="login_enable_bruk_biometric_foresatte" classname="com.ude.portalen.testcases.TC_UDEMA_Login">
    <skipped/>
  </testcase> <!-- login_enable_bruk_biometric_foresatte -->
  <testcase name="login_disable_bruk_biometric_foresatte" classname="com.ude.portalen.testcases.TC_UDEMA_Login">
    <skipped/>
  </testcase> <!-- login_disable_bruk_biometric_foresatte -->
  <testcase name="login_enable_bruk_biometric_elev" classname="com.ude.portalen.testcases.TC_UDEMA_Login">
    <skipped/>
  </testcase> <!-- login_enable_bruk_biometric_elev -->
</testsuite> <!-- com.ude.portalen.testcases.TC_UDEMA_Login -->
