<?xml version="1.0" encoding="UTF-8"?>
<!-- Generated by org.testng.reporters.JUnitReportReporter -->
<testsuite skipped="0" hostname="UDE-CGIs-MacBook-Air.local" name="com.ude.portalen.testcases.TC_UDEMA_1984_TC005" tests="1" failures="0" timestamp="2020-08-27T17:21:51 IST" time="108.205" errors="0">
  <testcase name="send_Receive_New_SMS_versal" time="108.205" classname="com.ude.portalen.testcases.TC_UDEMA_1984_TC005"/>
</testsuite> <!-- com.ude.portalen.testcases.TC_UDEMA_1984_TC005 -->
