<?xml version="1.0" encoding="UTF-8"?>
<!-- Generated by org.testng.reporters.JUnitReportReporter -->
<testsuite skipped="0" hostname="Manjunaths-MacBook-Air.local" name="com.ude.portalen.testcases.TC_UDEMA_1989_TC002_FAT" tests="1" failures="0" timestamp="2020-06-23T13:29:29 IST" time="138.191" errors="0">
  <testcase name="login_As_Teacher" time="138.191" classname="com.ude.portalen.testcases.TC_UDEMA_1989_TC002_FAT"/>
</testsuite> <!-- com.ude.portalen.testcases.TC_UDEMA_1989_TC002_FAT -->
