<?xml version="1.0" encoding="UTF-8"?>
<!-- Generated by org.testng.reporters.JUnitReportReporter -->
<testsuite skipped="0" hostname="Manjunaths-MacBook-Air.local" name="com.ude.portalen.testcases.ElevLoginTest" tests="1" failures="0" timestamp="2020-07-23T18:28:09 IST" time="121.553" errors="0">
  <testcase name="_login" time="121.553" classname="com.ude.portalen.testcases.ElevLoginTest"/>
</testsuite> <!-- com.ude.portalen.testcases.ElevLoginTest -->
