<?xml version="1.0" encoding="UTF-8"?>
<!-- Generated by org.testng.reporters.JUnitReportReporter -->
<testsuite skipped="0" hostname="UDE-CGIs-MacBook-Air.local" name="com.ude.portalen.testcases.TC_UDEMA_1990_TC001" tests="1" failures="0" timestamp="2020-09-04T17:39:59 IST" time="107.741" errors="0">
  <testcase name="send_reply_from_teacher_to_student" time="107.741" classname="com.ude.portalen.testcases.TC_UDEMA_1990_TC001"/>
</testsuite> <!-- com.ude.portalen.testcases.TC_UDEMA_1990_TC001 -->
