<?xml version="1.0" encoding="UTF-8"?>
<!-- Generated by org.testng.reporters.JUnitReportReporter -->
<testsuite skipped="0" hostname="UDE-CGIs-MacBook-Air.local" name="com.ude.portalen.testcases.TC_UDEMA_1990_TC002" tests="1" failures="0" timestamp="2020-08-28T12:13:06 IST" time="527.335" errors="0">
  <testcase name="send_reply_from_student_to_teacher" time="527.335" classname="com.ude.portalen.testcases.TC_UDEMA_1990_TC002"/>
</testsuite> <!-- com.ude.portalen.testcases.TC_UDEMA_1990_TC002 -->
