<?xml version="1.0" encoding="UTF-8"?>
<!-- Generated by org.testng.reporters.JUnitReportReporter -->
<testsuite skipped="0" hostname="UDE-CGIs-MacBook-Air.local" name="com.ude.portalen.testcases.TC_UDEMA_Contacts" tests="2" failures="0" timestamp="2020-09-04T17:39:59 IST" time="418.240" errors="0">
  <testcase name="add_remove_add_contact" time="256.307" classname="com.ude.portalen.testcases.TC_UDEMA_Contacts"/>
  <testcase name="add_remove_contact" time="161.933" classname="com.ude.portalen.testcases.TC_UDEMA_Contacts"/>
</testsuite> <!-- com.ude.portalen.testcases.TC_UDEMA_Contacts -->
