<?xml version="1.0" encoding="UTF-8"?>
<!-- Generated by org.testng.reporters.JUnitReportReporter -->
<testsuite skipped="0" hostname="UDE-CGIs-MacBook-Air.local" name="com.ude.portalen.testcases.TC_UDEMA_1983" tests="3" failures="0" timestamp="2020-08-28T12:13:05 IST" time="869.087" errors="0">
  <testcase name="Parent_Receive_Push_Notification" time="303.732" classname="com.ude.portalen.testcases.TC_UDEMA_1983"/>
  <testcase name="teacher_Receive_Push_Notification" time="259.251" classname="com.ude.portalen.testcases.TC_UDEMA_1983"/>
  <testcase name="Student_Receive_Push_Notification" time="306.104" classname="com.ude.portalen.testcases.TC_UDEMA_1983"/>
</testsuite> <!-- com.ude.portalen.testcases.TC_UDEMA_1983 -->
