<?xml version="1.0" encoding="UTF-8"?>
<!-- Generated by org.testng.reporters.JUnitReportReporter -->
<testsuite skipped="0" hostname="UDE-CGIs-MacBook-Air.local" name="com.ude.portalen.testcases.TC_UDEMA_1984_TC003" tests="1" failures="0" timestamp="2020-08-28T12:13:06 IST" time="46.917" errors="1">
  <testcase name="send_Receive_New_Message_with_Spørsmål" time="46.917" classname="com.ude.portalen.testcases.TC_UDEMA_1984_TC003">
    <error type="org.openqa.selenium.WebDriverException" message="An unknown server-side error occurred while processing the command. Original error: Could not proxy command to remote server. Original error: Error: socket hang up
Build info: version: &#039;3.12.0&#039;, revision: &#039;7c6e0b3&#039;, time: &#039;2018-05-08T14:04:26.12Z&#039;
System info: host: &#039;UDE-CGIs-MacBook-Air.local&#039;, ip: &#039;fd58:bad4:8bc6:9200:24ad:9d66:aff6:189a%en0&#039;, os.name: &#039;Mac OS X&#039;, os.arch: &#039;x86_64&#039;, os.version: &#039;10.15.5&#039;, java.version: &#039;1.8.0_241&#039;
Driver info: io.appium.java_client.android.AndroidDriver
Capabilities {app: /Users/udecgi/ude_portlen/u..., appActivity: com.cgi.oslomelding.MainAct..., appPackage: com.cgi.oslomelding, autoGrantPermissions: true, databaseEnabled: false, desired: {app: /Users/udecgi/ude_portlen/u..., appActivity: com.cgi.oslomelding.MainAct..., appPackage: com.cgi.oslomelding, autoGrantPermissions: true, deviceName: Pixel_3, newCommandTimeout: 60000, platformName: android, platformVersion: 8.1.0, resetKeyboard: true, unicodeKeyboard: true}, deviceApiLevel: 27, deviceManufacturer: Google, deviceModel: Android SDK built for x86, deviceName: emulator-5554, deviceScreenDensity: 440, deviceScreenSize: 1080x2220, deviceUDID: emulator-5554, javascriptEnabled: true, locationContextEnabled: false, networkConnectionEnabled: true, newCommandTimeout: 60000, pixelRatio: 2.75, platform: LINUX, platformName: Android, platformVersion: 8.1.0, resetKeyboard: true, statBarHeight: 66, takesScreenshot: true, unicodeKeyboard: true, viewportRect: {height: 2022, left: 0, top: 66, width: 1080}, warnings: {}, webStorageEnabled: false}
Session ID: f8f7ddb5-1c96-4bf2-9bf2-68a8dc82fa77">
      <![CDATA[org.openqa.selenium.WebDriverException: An unknown server-side error occurred while processing the command. Original error: Could not proxy command to remote server. Original error: Error: socket hang up
Build info: version: '3.12.0', revision: '7c6e0b3', time: '2018-05-08T14:04:26.12Z'
System info: host: 'UDE-CGIs-MacBook-Air.local', ip: 'fd58:bad4:8bc6:9200:24ad:9d66:aff6:189a%en0', os.name: 'Mac OS X', os.arch: 'x86_64', os.version: '10.15.5', java.version: '1.8.0_241'
Driver info: io.appium.java_client.android.AndroidDriver
Capabilities {app: /Users/udecgi/ude_portlen/u..., appActivity: com.cgi.oslomelding.MainAct..., appPackage: com.cgi.oslomelding, autoGrantPermissions: true, databaseEnabled: false, desired: {app: /Users/udecgi/ude_portlen/u..., appActivity: com.cgi.oslomelding.MainAct..., appPackage: com.cgi.oslomelding, autoGrantPermissions: true, deviceName: Pixel_3, newCommandTimeout: 60000, platformName: android, platformVersion: 8.1.0, resetKeyboard: true, unicodeKeyboard: true}, deviceApiLevel: 27, deviceManufacturer: Google, deviceModel: Android SDK built for x86, deviceName: emulator-5554, deviceScreenDensity: 440, deviceScreenSize: 1080x2220, deviceUDID: emulator-5554, javascriptEnabled: true, locationContextEnabled: false, networkConnectionEnabled: true, newCommandTimeout: 60000, pixelRatio: 2.75, platform: LINUX, platformName: Android, platformVersion: 8.1.0, resetKeyboard: true, statBarHeight: 66, takesScreenshot: true, unicodeKeyboard: true, viewportRect: {height: 2022, left: 0, top: 66, width: 1080}, warnings: {}, webStorageEnabled: false}
Session ID: f8f7ddb5-1c96-4bf2-9bf2-68a8dc82fa77
at sun.reflect.NativeConstructorAccessorImpl.newInstance0(Native Method)
at sun.reflect.NativeConstructorAccessorImpl.newInstance(NativeConstructorAccessorImpl.java:62)
at sun.reflect.DelegatingConstructorAccessorImpl.newInstance(DelegatingConstructorAccessorImpl.java:45)
at java.lang.reflect.Constructor.newInstance(Constructor.java:423)
at org.openqa.selenium.remote.http.W3CHttpResponseCodec.createException(W3CHttpResponseCodec.java:187)
at org.openqa.selenium.remote.http.W3CHttpResponseCodec.decode(W3CHttpResponseCodec.java:122)
at org.openqa.selenium.remote.http.W3CHttpResponseCodec.decode(W3CHttpResponseCodec.java:49)
at org.openqa.selenium.remote.HttpCommandExecutor.execute(HttpCommandExecutor.java:158)
at io.appium.java_client.remote.AppiumCommandExecutor.execute(AppiumCommandExecutor.java:231)
at org.openqa.selenium.remote.RemoteWebDriver.execute(RemoteWebDriver.java:543)
at io.appium.java_client.DefaultGenericMobileDriver.execute(DefaultGenericMobileDriver.java:46)
at io.appium.java_client.AppiumDriver.execute(AppiumDriver.java:1)
at io.appium.java_client.android.AndroidDriver.execute(AndroidDriver.java:1)
at org.openqa.selenium.remote.RemoteWebDriver.getScreenshotAs(RemoteWebDriver.java:289)
at com.ude.portalen.generic.Base_Class.captureScreenExtent(Base_Class.java:207)
at com.ude.portalen.testcases.TC_UDEMA_1984_TC003.send_Receive_New_Message_with_Spørsmål(TC_UDEMA_1984_TC003.java:161)
at sun.reflect.NativeMethodAccessorImpl.invoke0(Native Method)
at sun.reflect.NativeMethodAccessorImpl.invoke(NativeMethodAccessorImpl.java:62)
at sun.reflect.DelegatingMethodAccessorImpl.invoke(DelegatingMethodAccessorImpl.java:43)
at java.lang.reflect.Method.invoke(Method.java:498)
at org.testng.internal.MethodInvocationHelper.invokeMethod(MethodInvocationHelper.java:133)
at org.testng.internal.TestInvoker.invokeMethod(TestInvoker.java:584)
at org.testng.internal.TestInvoker.invokeTestMethod(TestInvoker.java:172)
at org.testng.internal.MethodRunner.runInSequence(MethodRunner.java:46)
at org.testng.internal.TestInvoker$MethodInvocationAgent.invoke(TestInvoker.java:804)
at org.testng.internal.TestInvoker.invokeTestMethods(TestInvoker.java:145)
at org.testng.internal.TestMethodWorker.invokeTestMethods(TestMethodWorker.java:146)
at org.testng.internal.TestMethodWorker.run(TestMethodWorker.java:128)
at java.util.ArrayList.forEach(ArrayList.java:1257)
at org.testng.TestRunner.privateRun(TestRunner.java:770)
at org.testng.TestRunner.run(TestRunner.java:591)
at org.testng.SuiteRunner.runTest(SuiteRunner.java:402)
at org.testng.SuiteRunner.runSequentially(SuiteRunner.java:396)
at org.testng.SuiteRunner.privateRun(SuiteRunner.java:355)
at org.testng.SuiteRunner.run(SuiteRunner.java:304)
at org.testng.SuiteRunnerWorker.runSuite(SuiteRunnerWorker.java:53)
at org.testng.SuiteRunnerWorker.run(SuiteRunnerWorker.java:96)
at org.testng.TestNG.runSuitesSequentially(TestNG.java:1180)
at org.testng.TestNG.runSuitesLocally(TestNG.java:1102)
at org.testng.TestNG.runSuites(TestNG.java:1032)
at org.testng.TestNG.run(TestNG.java:1000)
at org.testng.remote.AbstractRemoteTestNG.run(AbstractRemoteTestNG.java:115)
at org.testng.remote.RemoteTestNG.initAndRun(RemoteTestNG.java:251)
at org.testng.remote.RemoteTestNG.main(RemoteTestNG.java:77)
]]>
    </error>
  </testcase> <!-- send_Receive_New_Message_with_Spørsmål -->
</testsuite> <!-- com.ude.portalen.testcases.TC_UDEMA_1984_TC003 -->
